<?xml version="1.0" encoding="UTF-8"?>
<testng-results ignored="0" total="4" passed="4" failed="0" skipped="0">
  <reporter-output>
  </reporter-output>
  <suite started-at="2022-12-09T20:53:07 IST" name="Parallel Test Suite" finished-at="2022-12-09T20:53:22 IST" duration-ms="14563">
    <groups>
    </groups>
    <test started-at="2022-12-09T20:53:07 IST" name="Chrome Test" finished-at="2022-12-09T20:53:19 IST" duration-ms="11609">
      <class name="tests.EndToEndTest">
        <test-method is-config="true" signature="setUp(java.lang.String)[pri:0, instance:tests.EndToEndTest@5fd4f8f5]" started-at="2022-12-09T20:53:07 IST" name="setUp" finished-at="2022-12-09T20:53:12 IST" duration-ms="4994" status="PASS">
          <params>
            <param index="0">
              <value>
                <![CDATA[chrome]]>
              </value>
            </param>
          </params>
          <reporter-output>
          </reporter-output>
        </test-method> <!-- setUp -->
        <test-method is-config="true" signature="classSetUp()[pri:0, instance:tests.EndToEndTest@5fd4f8f5]" started-at="2022-12-09T20:53:12 IST" name="classSetUp" finished-at="2022-12-09T20:53:12 IST" duration-ms="285" status="PASS">
          <reporter-output>
          </reporter-output>
        </test-method> <!-- classSetUp -->
        <test-method signature="loginTest()[pri:0, instance:tests.EndToEndTest@5fd4f8f5]" started-at="2022-12-09T20:53:12 IST" name="loginTest" finished-at="2022-12-09T20:53:17 IST" duration-ms="4053" status="PASS">
          <reporter-output>
          </reporter-output>
        </test-method> <!-- loginTest -->
        <test-method signature="selectProductAndCheckOutTest()[pri:1, instance:tests.EndToEndTest@5fd4f8f5]" started-at="2022-12-09T20:53:17 IST" name="selectProductAndCheckOutTest" finished-at="2022-12-09T20:53:17 IST" duration-ms="667" status="PASS">
          <reporter-output>
          </reporter-output>
        </test-method> <!-- selectProductAndCheckOutTest -->
        <test-method is-config="true" signature="tearDown()[pri:0, instance:tests.EndToEndTest@5fd4f8f5]" started-at="2022-12-09T20:53:17 IST" name="tearDown" finished-at="2022-12-09T20:53:19 IST" duration-ms="1576" status="PASS">
          <reporter-output>
          </reporter-output>
        </test-method> <!-- tearDown -->
      </class> <!-- tests.EndToEndTest -->
    </test> <!-- Chrome Test -->
    <test started-at="2022-12-09T20:53:07 IST" name="Firefox Test" finished-at="2022-12-09T20:53:22 IST" duration-ms="14563">
      <class name="tests.SampleTest">
        <test-method is-config="true" signature="setUp(java.lang.String)[pri:0, instance:tests.SampleTest@6d3a388c]" started-at="2022-12-09T20:53:07 IST" name="setUp" finished-at="2022-12-09T20:53:16 IST" duration-ms="8439" status="PASS">
          <params>
            <param index="0">
              <value>
                <![CDATA[firefox]]>
              </value>
            </param>
          </params>
          <reporter-output>
          </reporter-output>
        </test-method> <!-- setUp -->
        <test-method signature="loginTest()[pri:0, instance:tests.SampleTest@6d3a388c]" started-at="2022-12-09T20:53:16 IST" name="loginTest" finished-at="2022-12-09T20:53:19 IST" duration-ms="3703" status="PASS">
          <reporter-output>
          </reporter-output>
        </test-method> <!-- loginTest -->
        <test-method signature="addProductTillCheckOutTest()[pri:1, instance:tests.SampleTest@6d3a388c]" started-at="2022-12-09T20:53:19 IST" name="addProductTillCheckOutTest" finished-at="2022-12-09T20:53:21 IST" duration-ms="1402" status="PASS">
          <reporter-output>
          </reporter-output>
        </test-method> <!-- addProductTillCheckOutTest -->
        <test-method is-config="true" signature="tearDown()[pri:0, instance:tests.SampleTest@6d3a388c]" started-at="2022-12-09T20:53:21 IST" name="tearDown" finished-at="2022-12-09T20:53:22 IST" duration-ms="1009" status="PASS">
          <reporter-output>
          </reporter-output>
        </test-method> <!-- tearDown -->
      </class> <!-- tests.SampleTest -->
    </test> <!-- Firefox Test -->
  </suite> <!-- Parallel Test Suite -->
</testng-results>
