<?xml version="1.0" encoding="UTF-8"?>
<testng-results ignored="0" total="4" passed="4" failed="0" skipped="0">
  <reporter-output>
  </reporter-output>
  <suite started-at="2022-12-09T21:31:49 IST" name="Parallel Test Suite" finished-at="2022-12-09T21:32:05 IST" duration-ms="16009">
    <groups>
    </groups>
    <test started-at="2022-12-09T21:31:49 IST" name="Chrome Test" finished-at="2022-12-09T21:31:58 IST" duration-ms="9176">
      <class name="tests.EndToEndTest">
        <test-method is-config="true" signature="setUp(java.lang.String)[pri:0, instance:tests.EndToEndTest@5fd4f8f5]" started-at="2022-12-09T21:31:49 IST" name="setUp" finished-at="2022-12-09T21:31:54 IST" duration-ms="5117" status="PASS">
          <params>
            <param index="0">
              <value>
                <![CDATA[chrome]]>
              </value>
            </param>
          </params>
          <reporter-output>
          </reporter-output>
        </test-method> <!-- setUp -->
        <test-method is-config="true" signature="classSetUp()[pri:0, instance:tests.EndToEndTest@5fd4f8f5]" started-at="2022-12-09T21:31:54 IST" name="classSetUp" finished-at="2022-12-09T21:31:54 IST" duration-ms="23" status="PASS">
          <reporter-output>
          </reporter-output>
        </test-method> <!-- classSetUp -->
        <test-method signature="loginTest()[pri:0, instance:tests.EndToEndTest@5fd4f8f5]" started-at="2022-12-09T21:31:54 IST" name="loginTest" finished-at="2022-12-09T21:31:57 IST" duration-ms="3380" status="PASS">
          <reporter-output>
          </reporter-output>
        </test-method> <!-- loginTest -->
        <test-method signature="selectProductAndCheckOutTest()[pri:1, instance:tests.EndToEndTest@5fd4f8f5]" started-at="2022-12-09T21:31:57 IST" name="selectProductAndCheckOutTest" finished-at="2022-12-09T21:31:58 IST" duration-ms="484" status="PASS">
          <reporter-output>
          </reporter-output>
        </test-method> <!-- selectProductAndCheckOutTest -->
        <test-method is-config="true" signature="tearDown()[pri:0, instance:tests.EndToEndTest@5fd4f8f5]" started-at="2022-12-09T21:31:58 IST" name="tearDown" finished-at="2022-12-09T21:31:58 IST" duration-ms="137" status="PASS">
          <reporter-output>
          </reporter-output>
        </test-method> <!-- tearDown -->
      </class> <!-- tests.EndToEndTest -->
    </test> <!-- Chrome Test -->
    <test started-at="2022-12-09T21:31:49 IST" name="Firefox Test" finished-at="2022-12-09T21:32:05 IST" duration-ms="16009">
      <class name="tests.EndToEndTest">
        <test-method is-config="true" signature="setUp(java.lang.String)[pri:0, instance:tests.EndToEndTest@50ad3bc1]" started-at="2022-12-09T21:31:49 IST" name="setUp" finished-at="2022-12-09T21:31:59 IST" duration-ms="9979" status="PASS">
          <params>
            <param index="0">
              <value>
                <![CDATA[firefox]]>
              </value>
            </param>
          </params>
          <reporter-output>
          </reporter-output>
        </test-method> <!-- setUp -->
        <test-method is-config="true" signature="classSetUp()[pri:0, instance:tests.EndToEndTest@50ad3bc1]" started-at="2022-12-09T21:31:59 IST" name="classSetUp" finished-at="2022-12-09T21:31:59 IST" duration-ms="2" status="PASS">
          <reporter-output>
          </reporter-output>
        </test-method> <!-- classSetUp -->
        <test-method signature="loginTest()[pri:0, instance:tests.EndToEndTest@50ad3bc1]" started-at="2022-12-09T21:31:59 IST" name="loginTest" finished-at="2022-12-09T21:32:02 IST" duration-ms="3407" status="PASS">
          <reporter-output>
          </reporter-output>
        </test-method> <!-- loginTest -->
        <test-method signature="selectProductAndCheckOutTest()[pri:1, instance:tests.EndToEndTest@50ad3bc1]" started-at="2022-12-09T21:32:02 IST" name="selectProductAndCheckOutTest" finished-at="2022-12-09T21:32:03 IST" duration-ms="1355" status="PASS">
          <reporter-output>
          </reporter-output>
        </test-method> <!-- selectProductAndCheckOutTest -->
        <test-method is-config="true" signature="tearDown()[pri:0, instance:tests.EndToEndTest@50ad3bc1]" started-at="2022-12-09T21:32:03 IST" name="tearDown" finished-at="2022-12-09T21:32:05 IST" duration-ms="1254" status="PASS">
          <reporter-output>
          </reporter-output>
        </test-method> <!-- tearDown -->
      </class> <!-- tests.EndToEndTest -->
    </test> <!-- Firefox Test -->
  </suite> <!-- Parallel Test Suite -->
</testng-results>
